  [1m[35m (330.4ms)[0m  [1m[35mCREATE DATABASE "my_project_name_development" ENCODING = 'unicode'[0m
  [1m[35m (253.7ms)[0m  [1m[35mCREATE DATABASE "my_project_name_test" ENCODING = 'unicode'[0m
  [1m[35m (21.8ms)[0m  [1m[35mCREATE TABLE "schema_migrations" ("version" character varying NOT NULL PRIMARY KEY)[0m
  [1m[35m (6.7ms)[0m  [1m[35mCREATE TABLE "ar_internal_metadata" ("key" character varying NOT NULL PRIMARY KEY, "value" character varying, "created_at" timestamp(6) NOT NULL, "updated_at" timestamp(6) NOT NULL)[0m
  [1m[35m (0.6ms)[0m  [1m[34mSELECT pg_try_advisory_lock(2439013644524809380)[0m
  [1m[36mActiveRecord::SchemaMigration Pluck (0.5ms)[0m  [1m[34mSELECT "schema_migrations"."version" FROM "schema_migrations" ORDER BY "schema_migrations"."version" ASC[0m
Migrating to CreateUsers (20230309001555)
  [1m[36mTRANSACTION (0.2ms)[0m  [1m[35mBEGIN[0m
  [1m[35m (8.3ms)[0m  [1m[35mCREATE TABLE "users" ("id" bigserial primary key, "name" text NOT NULL, "email" text NOT NULL, "created_at" timestamp(6) NOT NULL, "updated_at" timestamp(6) NOT NULL)[0m
  [1m[36mActiveRecord::SchemaMigration Create (1.1ms)[0m  [1m[32mINSERT INTO "schema_migrations" ("version") VALUES ($1) RETURNING "version"[0m  [["version", "20230309001555"]]
  [1m[36mTRANSACTION (1.1ms)[0m  [1m[35mCOMMIT[0m
  [1m[36mActiveRecord::InternalMetadata Load (0.5ms)[0m  [1m[34mSELECT "ar_internal_metadata".* FROM "ar_internal_metadata" WHERE "ar_internal_metadata"."key" = $1 LIMIT $2[0m  [["key", "environment"], ["LIMIT", 1]]
  [1m[36mTRANSACTION (0.3ms)[0m  [1m[35mBEGIN[0m
  [1m[36mActiveRecord::InternalMetadata Create (1.2ms)[0m  [1m[32mINSERT INTO "ar_internal_metadata" ("key", "value", "created_at", "updated_at") VALUES ($1, $2, $3, $4) RETURNING "key"[0m  [["key", "environment"], ["value", "development"], ["created_at", "2023-03-09 00:18:05.055338"], ["updated_at", "2023-03-09 00:18:05.055338"]]
  [1m[36mTRANSACTION (0.9ms)[0m  [1m[35mCOMMIT[0m
  [1m[35m (0.3ms)[0m  [1m[34mSELECT pg_advisory_unlock(2439013644524809380)[0m
  [1m[36mActiveRecord::SchemaMigration Pluck (0.5ms)[0m  [1m[34mSELECT "schema_migrations"."version" FROM "schema_migrations" ORDER BY "schema_migrations"."version" ASC[0m
  [1m[36mTRANSACTION (0.2ms)[0m  [1m[35mBEGIN[0m
  [1m[36mUser Create (0.9ms)[0m  [1m[32mINSERT INTO "users" ("name", "email", "created_at", "updated_at") VALUES ($1, $2, $3, $4) RETURNING "id"[0m  [["name", "Ryder"], ["email", "Ryder@AppA.com"], ["created_at", "2023-03-09 00:19:45.705690"], ["updated_at", "2023-03-09 00:19:45.705690"]]
  [1m[36mTRANSACTION (1.2ms)[0m  [1m[35mCOMMIT[0m
  [1m[36mTRANSACTION (0.7ms)[0m  [1m[35mBEGIN[0m
  [1m[36mUser Create (1.0ms)[0m  [1m[32mINSERT INTO "users" ("name", "email", "created_at", "updated_at") VALUES ($1, $2, $3, $4) RETURNING "id"[0m  [["name", "Josh"], ["email", "Josh@AppA.com"], ["created_at", "2023-03-09 00:20:12.457828"], ["updated_at", "2023-03-09 00:20:12.457828"]]
  [1m[36mTRANSACTION (4.0ms)[0m  [1m[35mCOMMIT[0m
  [1m[36mActiveRecord::SchemaMigration Pluck (0.6ms)[0m  [1m[34mSELECT "schema_migrations"."version" FROM "schema_migrations" ORDER BY "schema_migrations"."version" ASC[0m
  [1m[36mTRANSACTION (0.3ms)[0m  [1m[35mBEGIN[0m
  [1m[36mUser Create (0.6ms)[0m  [1m[32mINSERT INTO "users" ("name", "email", "created_at", "updated_at") VALUES ($1, $2, $3, $4) RETURNING "id"[0m  [["name", "Ryder"], ["email", "Ryder@App.com"], ["created_at", "2023-03-09 00:22:13.266883"], ["updated_at", "2023-03-09 00:22:13.266883"]]
  [1m[36mTRANSACTION (1.0ms)[0m  [1m[35mCOMMIT[0m
  [1m[36mTRANSACTION (0.2ms)[0m  [1m[35mBEGIN[0m
  [1m[36mUser Create (0.4ms)[0m  [1m[32mINSERT INTO "users" ("name", "email", "created_at", "updated_at") VALUES ($1, $2, $3, $4) RETURNING "id"[0m  [["name", "Josh"], ["email", "Josh@App.com"], ["created_at", "2023-03-09 00:22:13.273644"], ["updated_at", "2023-03-09 00:22:13.273644"]]
  [1m[36mTRANSACTION (1.0ms)[0m  [1m[35mCOMMIT[0m
Started GET "/users" for ::1 at 2023-03-08 16:26:18 -0800
  [1m[36mActiveRecord::SchemaMigration Pluck (1.4ms)[0m  [1m[34mSELECT "schema_migrations"."version" FROM "schema_migrations" ORDER BY "schema_migrations"."version" ASC[0m
Processing by UsersController#index as */*
  [1m[36mUser Load (0.8ms)[0m  [1m[34mSELECT "users".* FROM "users"[0m
  ↳ app/controllers/users_controller.rb:6:in `index'
Completed 200 OK in 186ms (Views: 49.6ms | ActiveRecord: 7.4ms | Allocations: 6488)


Started POST "/users" for ::1 at 2023-03-08 16:31:32 -0800
Processing by UsersController#create as */*
Completed 400 Bad Request in 85ms (ActiveRecord: 0.0ms | Allocations: 1486)



ActionController::ParameterMissing - param is missing or the value is empty: user:
  app/controllers/users_controller.rb:16:in `create'

Started POST "/users" for ::1 at 2023-03-08 16:33:08 -0800
Processing by UsersController#create as */*
Completed 200 OK in 2ms (Views: 1.0ms | ActiveRecord: 0.0ms | Allocations: 208)


Started POST "/users" for ::1 at 2023-03-08 16:33:34 -0800
Processing by UsersController#create as */*
Completed 200 OK in 1ms (Views: 0.6ms | ActiveRecord: 0.0ms | Allocations: 103)


Started POST "/users" for ::1 at 2023-03-08 16:33:47 -0800
Processing by UsersController#create as */*
Completed 200 OK in 0ms (Views: 0.2ms | ActiveRecord: 0.0ms | Allocations: 101)


Started POST "/users" for ::1 at 2023-03-08 16:34:11 -0800
Processing by UsersController#create as */*
  Parameters: {"name"=>"Darren", "email"=>"Darren@App"}
Completed 200 OK in 0ms (Views: 0.2ms | ActiveRecord: 0.0ms | Allocations: 174)


Started POST "/users" for ::1 at 2023-03-08 16:34:31 -0800
Processing by UsersController#create as */*
  Parameters: {"name"=>"Darren", "email"=>"Darren@App"}
Completed 400 Bad Request in 88ms (ActiveRecord: 0.0ms | Allocations: 1418)



ActionController::ParameterMissing - param is missing or the value is empty: user:
  app/controllers/users_controller.rb:16:in `create'

Started POST "/users" for ::1 at 2023-03-08 16:35:22 -0800
Processing by UsersController#create as */*
  Parameters: {"name"=>"Darren", "email"=>"Darren@App"}
Completed 400 Bad Request in 102ms (ActiveRecord: 0.0ms | Allocations: 1419)



ActionController::ParameterMissing - param is missing or the value is empty: user:
  app/controllers/users_controller.rb:16:in `create'

Started POST "/users?user[name]=Darren&user[email]=Darren@App" for ::1 at 2023-03-08 16:37:14 -0800
Processing by UsersController#create as */*
  Parameters: {"user"=>{"name"=>"Darren", "email"=>"Darren@App"}}
  [1m[36mTRANSACTION (0.3ms)[0m  [1m[35mBEGIN[0m
  ↳ app/controllers/users_controller.rb:17:in `create'
  [1m[36mUser Create (1.3ms)[0m  [1m[32mINSERT INTO "users" ("name", "email", "created_at", "updated_at") VALUES ($1, $2, $3, $4) RETURNING "id"[0m  [["name", "Darren"], ["email", "Darren@App"], ["created_at", "2023-03-09 00:37:14.632104"], ["updated_at", "2023-03-09 00:37:14.632104"]]
  ↳ app/controllers/users_controller.rb:17:in `create'
  [1m[36mTRANSACTION (2.7ms)[0m  [1m[35mCOMMIT[0m
  ↳ app/controllers/users_controller.rb:17:in `create'
Completed 200 OK in 40ms (Views: 1.2ms | ActiveRecord: 13.2ms | Allocations: 5825)


Started POST "/users?new[name]=Darren&new[email]=Darren@App" for ::1 at 2023-03-08 16:38:24 -0800
Processing by UsersController#create as */*
  Parameters: {"new"=>{"name"=>"Darren", "email"=>"Darren@App"}}
Completed 400 Bad Request in 1ms (ActiveRecord: 0.0ms | Allocations: 847)



ActionController::ParameterMissing - param is missing or the value is empty: user:
  app/controllers/users_controller.rb:16:in `create'

Started GET "/users" for ::1 at 2023-03-08 16:39:33 -0800
Processing by UsersController#index as */*
  [1m[36mUser Load (0.6ms)[0m  [1m[34mSELECT "users".* FROM "users"[0m
  ↳ app/controllers/users_controller.rb:6:in `index'
Completed 200 OK in 12ms (Views: 10.1ms | ActiveRecord: 0.6ms | Allocations: 1284)


Started POST "/users" for ::1 at 2023-03-08 16:40:09 -0800
Processing by UsersController#create as */*
  Parameters: {"query"=>"\n    query IntrospectionQuery {\n      __schema {\n        \n        queryType { name }\n        mutationType { name }\n        subscriptionType { name }\n        types {\n          ...FullType\n        }\n        directives {\n          name\n          description\n          \n          locations\n          args {\n            ...InputValue\n          }\n        }\n      }\n    }\n\n    fragment FullType on __Type {\n      kind\n      name\n      description\n      \n      fields(includeDeprecated: true) {\n        name\n        description\n        args {\n          ...InputValue\n        }\n        type {\n          ...TypeRef\n        }\n        isDeprecated\n        deprecationReason\n      }\n      inputFields {\n        ...InputValue\n      }\n      interfaces {\n        ...TypeRef\n      }\n      enumValues(includeDeprecated: true) {\n        name\n        description\n        isDeprecated\n        deprecationReason\n      }\n      possibleTypes {\n        ...TypeRef\n      }\n    }\n\n    fragment InputValue on __InputValue {\n      name\n      description\n      type { ...TypeRef }\n      defaultValue\n      \n      \n    }\n\n    fragment TypeRef on __Type {\n      kind\n      name\n      ofType {\n        kind\n        name\n        ofType {\n          kind\n          name\n          ofType {\n            kind\n            name\n            ofType {\n              kind\n              name\n              ofType {\n                kind\n                name\n                ofType {\n                  kind\n                  name\n                  ofType {\n                    kind\n                    name\n                  }\n                }\n              }\n            }\n          }\n        }\n      }\n    }\n  ", "user"=>{}}
Completed 400 Bad Request in 2ms (ActiveRecord: 0.0ms | Allocations: 864)



ActionController::ParameterMissing - param is missing or the value is empty: user:
  app/controllers/users_controller.rb:16:in `create'

Started GET "/users" for ::1 at 2023-03-08 16:40:44 -0800
Processing by UsersController#index as */*
  [1m[36mUser Load (0.3ms)[0m  [1m[34mSELECT "users".* FROM "users"[0m
  ↳ app/controllers/users_controller.rb:6:in `index'
Completed 200 OK in 5ms (Views: 4.2ms | ActiveRecord: 0.3ms | Allocations: 1145)


Started GET "/users" for ::1 at 2023-03-08 16:42:56 -0800
Processing by UsersController#index as */*
  [1m[36mUser Load (0.4ms)[0m  [1m[34mSELECT "users".* FROM "users"[0m
  ↳ app/controllers/users_controller.rb:6:in `index'
Completed 200 OK in 7ms (Views: 6.1ms | ActiveRecord: 0.4ms | Allocations: 1157)


Started POST "/users?user[name]=1&user[email]=23" for ::1 at 2023-03-08 16:50:44 -0800
Processing by UsersController#create as */*
  Parameters: {"user"=>{"name"=>"1", "email"=>"23"}}
  [1m[36mTRANSACTION (0.3ms)[0m  [1m[35mBEGIN[0m
  ↳ app/controllers/users_controller.rb:18:in `create'
  [1m[36mUser Create (1.8ms)[0m  [1m[32mINSERT INTO "users" ("name", "email", "created_at", "updated_at") VALUES ($1, $2, $3, $4) RETURNING "id"[0m  [["name", "1"], ["email", "23"], ["created_at", "2023-03-09 00:50:45.410717"], ["updated_at", "2023-03-09 00:50:45.410717"]]
  ↳ app/controllers/users_controller.rb:18:in `create'
  [1m[36mTRANSACTION (1.5ms)[0m  [1m[35mCOMMIT[0m
  ↳ app/controllers/users_controller.rb:18:in `create'
Completed 200 OK in 152ms (Views: 0.8ms | ActiveRecord: 9.3ms | Allocations: 7074)


Started POST "/users?user[name]=&user[email]=" for ::1 at 2023-03-08 16:50:54 -0800
Processing by UsersController#create as */*
  Parameters: {"user"=>{"name"=>"", "email"=>""}}
Completed 422 Unprocessable Entity in 31ms (ActiveRecord: 0.0ms | Allocations: 4016)



ActiveRecord::RecordInvalid - Validation failed: Name can't be blank, Email can't be blank:
  app/controllers/users_controller.rb:18:in `create'

Started POST "/users?user[name]=$&user[email]=" for ::1 at 2023-03-08 16:51:25 -0800
Processing by UsersController#create as */*
  Parameters: {"user"=>{"name"=>"$", "email"=>""}}
Completed 422 Unprocessable Entity in 5ms (ActiveRecord: 0.0ms | Allocations: 1470)



ActiveRecord::RecordInvalid - Validation failed: Email can't be blank:
  app/controllers/users_controller.rb:18:in `create'

Started POST "/users?&user[email]=" for ::1 at 2023-03-08 16:52:50 -0800
Processing by UsersController#create as */*
  Parameters: {"user"=>{"email"=>""}}
Completed 422 Unprocessable Entity in 4ms (ActiveRecord: 0.0ms | Allocations: 1845)



ActiveRecord::RecordInvalid - Validation failed: Name can't be blank, Email can't be blank:
  app/controllers/users_controller.rb:18:in `create'

Started GET "/users/3" for ::1 at 2023-03-08 17:06:36 -0800
  [1m[35m (606.7ms)[0m  [1m[35mCREATE TABLE "schema_migrations" ("version" character varying NOT NULL PRIMARY KEY)[0m
  [1m[35m (533.5ms)[0m  [1m[35mCREATE TABLE "ar_internal_metadata" ("key" character varying NOT NULL PRIMARY KEY, "value" character varying, "created_at" timestamp(6) NOT NULL, "updated_at" timestamp(6) NOT NULL)[0m
  [1m[36mActiveRecord::SchemaMigration Pluck (3.8ms)[0m  [1m[34mSELECT "schema_migrations"."version" FROM "schema_migrations" ORDER BY "schema_migrations"."version" ASC[0m

ActiveRecord::PendingMigrationError - Migrations are pending. To resolve this issue, run:
        bin/rails db:migrate RAILS_ENV=development
You have 1 pending migration:
20230309001555_create_users.rb:

  [1m[35m (2.9ms)[0m  [1m[34mSELECT pg_try_advisory_lock(2439013644524809380)[0m
  [1m[36mActiveRecord::SchemaMigration Pluck (1.4ms)[0m  [1m[34mSELECT "schema_migrations"."version" FROM "schema_migrations" ORDER BY "schema_migrations"."version" ASC[0m
Migrating to CreateUsers (20230309001555)
  [1m[36mTRANSACTION (0.7ms)[0m  [1m[35mBEGIN[0m
  [1m[35m (85.9ms)[0m  [1m[35mCREATE TABLE "users" ("id" bigserial primary key, "name" text NOT NULL, "email" text NOT NULL, "created_at" timestamp(6) NOT NULL, "updated_at" timestamp(6) NOT NULL)[0m
  [1m[36mActiveRecord::SchemaMigration Create (6.6ms)[0m  [1m[32mINSERT INTO "schema_migrations" ("version") VALUES ($1) RETURNING "version"[0m  [["version", "20230309001555"]]
  [1m[36mTRANSACTION (2.7ms)[0m  [1m[35mCOMMIT[0m
  [1m[36mActiveRecord::InternalMetadata Load (6.3ms)[0m  [1m[34mSELECT "ar_internal_metadata".* FROM "ar_internal_metadata" WHERE "ar_internal_metadata"."key" = $1 LIMIT $2[0m  [["key", "environment"], ["LIMIT", 1]]
  [1m[36mTRANSACTION (0.2ms)[0m  [1m[35mBEGIN[0m
  [1m[36mActiveRecord::InternalMetadata Create (6.6ms)[0m  [1m[32mINSERT INTO "ar_internal_metadata" ("key", "value", "created_at", "updated_at") VALUES ($1, $2, $3, $4) RETURNING "key"[0m  [["key", "environment"], ["value", "development"], ["created_at", "2023-03-09 01:07:16.827906"], ["updated_at", "2023-03-09 01:07:16.827906"]]
  [1m[36mTRANSACTION (6.0ms)[0m  [1m[35mCOMMIT[0m
  [1m[35m (0.6ms)[0m  [1m[34mSELECT pg_advisory_unlock(2439013644524809380)[0m
  [1m[36mActiveRecord::SchemaMigration Pluck (1.0ms)[0m  [1m[34mSELECT "schema_migrations"."version" FROM "schema_migrations" ORDER BY "schema_migrations"."version" ASC[0m
  [1m[36mActiveRecord::SchemaMigration Pluck (7.7ms)[0m  [1m[34mSELECT "schema_migrations"."version" FROM "schema_migrations" ORDER BY "schema_migrations"."version" ASC[0m
  [1m[36mTRANSACTION (0.2ms)[0m  [1m[35mBEGIN[0m
  [1m[36mUser Create (7.0ms)[0m  [1m[32mINSERT INTO "users" ("name", "email", "created_at", "updated_at") VALUES ($1, $2, $3, $4) RETURNING "id"[0m  [["name", "Ryder"], ["email", "Ryder@App.com"], ["created_at", "2023-03-09 01:09:11.483451"], ["updated_at", "2023-03-09 01:09:11.483451"]]
  [1m[36mTRANSACTION (4.1ms)[0m  [1m[35mCOMMIT[0m
  [1m[36mTRANSACTION (0.2ms)[0m  [1m[35mBEGIN[0m
  [1m[36mUser Create (0.6ms)[0m  [1m[32mINSERT INTO "users" ("name", "email", "created_at", "updated_at") VALUES ($1, $2, $3, $4) RETURNING "id"[0m  [["name", "Josh"], ["email", "Josh@App.com"], ["created_at", "2023-03-09 01:09:11.509390"], ["updated_at", "2023-03-09 01:09:11.509390"]]
  [1m[36mTRANSACTION (0.5ms)[0m  [1m[35mCOMMIT[0m
Started GET "/users" for ::1 at 2023-03-08 17:09:47 -0800
  [1m[36mActiveRecord::SchemaMigration Pluck (2.0ms)[0m  [1m[34mSELECT "schema_migrations"."version" FROM "schema_migrations" ORDER BY "schema_migrations"."version" ASC[0m
Processing by UsersController#index as */*
  [1m[36mUser Load (32.5ms)[0m  [1m[34mSELECT "users".* FROM "users"[0m
  ↳ app/controllers/users_controller.rb:6:in `index'
Completed 200 OK in 298ms (Views: 153.5ms | ActiveRecord: 70.8ms | Allocations: 6286)


Started GET "/users/2" for ::1 at 2023-03-08 17:12:44 -0800
Processing by UsersController#show as */*
  Parameters: {"id"=>"2"}
Completed 500 Internal Server Error in 62ms (ActiveRecord: 0.0ms | Allocations: 4043)



NameError - undefined local variable or method `id' for #<UsersController:0x00000000005190>
        input = User.find_by(params[id])
                                    ^^:
  app/controllers/users_controller.rb:12:in `show'

Started GET "/users/2" for ::1 at 2023-03-08 17:14:20 -0800
Processing by UsersController#show as */*
  Parameters: {"id"=>"2"}
Completed 500 Internal Server Error in 63ms (ActiveRecord: 0.0ms | Allocations: 3946)



NameError - undefined local variable or method `id' for #<UsersController:0x00000000005e88>
        input = User.find_by(params.permit(id))
                                           ^^:
  app/controllers/users_controller.rb:12:in `show'

Started GET "/users/2" for ::1 at 2023-03-08 17:14:49 -0800
Processing by UsersController#show as */*
  Parameters: {"id"=>"2"}
  [1m[36mUser Load (1.2ms)[0m  [1m[34mSELECT "users".* FROM "users" WHERE "users"."id" = $1 LIMIT $2[0m  [["id", 2], ["LIMIT", 1]]
  ↳ app/controllers/users_controller.rb:12:in `show'
Completed 200 OK in 893ms (Views: 66.9ms | ActiveRecord: 91.6ms | Allocations: 6317)


Started GET "/users/2" for ::1 at 2023-03-08 17:15:23 -0800
Processing by UsersController#show as */*
  Parameters: {"id"=>"2"}
  [1m[36mUser Load (43.4ms)[0m  [1m[34mSELECT "users".* FROM "users" WHERE (2) LIMIT $1[0m  [["LIMIT", 1]]
  ↳ app/controllers/users_controller.rb:12:in `show'
Completed 500 Internal Server Error in 68ms (ActiveRecord: 43.4ms | Allocations: 3665)



ActiveRecord::StatementInvalid - PG::DatatypeMismatch: ERROR:  argument of WHERE must be type boolean, not type integer
LINE 1: SELECT "users".* FROM "users" WHERE (2) LIMIT $1
                                             ^:
  app/controllers/users_controller.rb:12:in `show'

Started GET "/users/2" for ::1 at 2023-03-08 17:17:40 -0800
Processing by UsersController#show as */*
  Parameters: {"id"=>"2"}
  [1m[36mUser Load (1.6ms)[0m  [1m[34mSELECT "users".* FROM "users" WHERE "users"."id" = $1 LIMIT $2[0m  [["id", 2], ["LIMIT", 1]]
  ↳ app/controllers/users_controller.rb:12:in `show'
Completed 200 OK in 140ms (Views: 4.0ms | ActiveRecord: 44.0ms | Allocations: 4492)


  [1m[36mUser Load (0.7ms)[0m  [1m[34mSELECT "users".* FROM "users" WHERE "users"."id" = $1 LIMIT $2[0m  [["id", 2], ["LIMIT", 1]]
  [1m[36mUser Load (27.8ms)[0m  [1m[34mSELECT "users".* FROM "users" WHERE (id) LIMIT $1[0m  [["LIMIT", 1]]
  [1m[36mUser Load (4.3ms)[0m  [1m[34mSELECT "users".* FROM "users" WHERE "users"."id" = $1 LIMIT $2[0m  [["id", 2], ["LIMIT", 1]]
Started GET "/users" for ::1 at 2023-03-09 09:17:32 -0800
  [1m[36mActiveRecord::SchemaMigration Pluck (4.8ms)[0m  [1m[34mSELECT "schema_migrations"."version" FROM "schema_migrations" ORDER BY "schema_migrations"."version" ASC[0m
Processing by UsersController#index as */*
  [1m[36mUser Load (20.8ms)[0m  [1m[34mSELECT "users".* FROM "users"[0m
  ↳ app/controllers/users_controller.rb:6:in `index'
Completed 200 OK in 133ms (Views: 57.0ms | ActiveRecord: 58.8ms | Allocations: 6300)


Started PATCH "/users/2/" for ::1 at 2023-03-09 09:20:14 -0800

AbstractController::ActionNotFound - The action 'update' could not be found for UsersController:

Started PATCH "/users/2/" for ::1 at 2023-03-09 09:21:21 -0800
Processing by UsersController#update as */*
  Parameters: {"email"=>"josh@josh.com", "id"=>"2"}
  [1m[36mUser Load (1.5ms)[0m  [1m[34mSELECT "users".* FROM "users" WHERE "users"."id" = $1 LIMIT $2[0m  [["id", 2], ["LIMIT", 1]]
  ↳ app/controllers/users_controller.rb:30:in `update'
Completed 400 Bad Request in 121ms (ActiveRecord: 24.9ms | Allocations: 7588)



ActionController::ParameterMissing - param is missing or the value is empty: user:
  app/controllers/users_controller.rb:31:in `update'

Started PATCH "/users/2/" for ::1 at 2023-03-09 09:22:26 -0800
Processing by UsersController#update as */*
  Parameters: {"email"=>"josh@josh.com", "id"=>"2"}
  [1m[36mUser Load (0.7ms)[0m  [1m[34mSELECT "users".* FROM "users" WHERE "users"."id" = $1 LIMIT $2[0m  [["id", 2], ["LIMIT", 1]]
  ↳ app/controllers/users_controller.rb:30:in `update'
[31mUnpermitted parameter: :id. Context: { controller: UsersController, action: update, request: #<ActionDispatch::Request:0x000000010e9f48e0>, params: {"email"=>"josh@josh.com", "controller"=>"users", "action"=>"update", "id"=>"2"} }[0m
  [1m[36mTRANSACTION (1.0ms)[0m  [1m[35mBEGIN[0m
  ↳ app/controllers/users_controller.rb:31:in `update'
  [1m[36mUser Update (46.8ms)[0m  [1m[33mUPDATE "users" SET "email" = $1, "updated_at" = $2 WHERE "users"."id" = $3[0m  [["email", "josh@josh.com"], ["updated_at", "2023-03-09 17:22:28.269651"], ["id", 2]]
  ↳ app/controllers/users_controller.rb:31:in `update'
  [1m[36mTRANSACTION (11.1ms)[0m  [1m[35mCOMMIT[0m
  ↳ app/controllers/users_controller.rb:31:in `update'
Completed 200 OK in 688ms (Views: 4.5ms | ActiveRecord: 97.6ms | Allocations: 8074)


Started GET "/users" for ::1 at 2023-03-09 09:23:01 -0800
Processing by UsersController#index as */*
  [1m[36mUser Load (1.0ms)[0m  [1m[34mSELECT "users".* FROM "users"[0m
  ↳ app/controllers/users_controller.rb:6:in `index'
Completed 200 OK in 8ms (Views: 6.7ms | ActiveRecord: 1.0ms | Allocations: 922)


Started PATCH "/users/1/" for ::1 at 2023-03-09 09:23:49 -0800
Processing by UsersController#update as */*
  Parameters: {"email"=>"ryder@ryder.com", "name"=>"Aguilera", "id"=>"1"}
  [1m[36mUser Load (3.5ms)[0m  [1m[34mSELECT "users".* FROM "users" WHERE "users"."id" = $1 LIMIT $2[0m  [["id", 1], ["LIMIT", 1]]
  ↳ app/controllers/users_controller.rb:30:in `update'
[31mUnpermitted parameter: :id. Context: { controller: UsersController, action: update, request: #<ActionDispatch::Request:0x000000010e1ebf18>, params: {"email"=>"ryder@ryder.com", "name"=>"Aguilera", "controller"=>"users", "action"=>"update", "id"=>"1"} }[0m
  [1m[36mTRANSACTION (6.4ms)[0m  [1m[35mBEGIN[0m
  ↳ app/controllers/users_controller.rb:31:in `update'
  [1m[36mUser Update (26.5ms)[0m  [1m[33mUPDATE "users" SET "name" = $1, "email" = $2, "updated_at" = $3 WHERE "users"."id" = $4[0m  [["name", "Aguilera"], ["email", "ryder@ryder.com"], ["updated_at", "2023-03-09 17:23:49.297573"], ["id", 1]]
  ↳ app/controllers/users_controller.rb:31:in `update'
  [1m[36mTRANSACTION (7.1ms)[0m  [1m[35mCOMMIT[0m
  ↳ app/controllers/users_controller.rb:31:in `update'
Completed 200 OK in 74ms (Views: 0.2ms | ActiveRecord: 43.6ms | Allocations: 2531)


Started GET "/users" for ::1 at 2023-03-09 09:23:55 -0800
Processing by UsersController#index as */*
  [1m[36mUser Load (10.0ms)[0m  [1m[34mSELECT "users".* FROM "users"[0m
  ↳ app/controllers/users_controller.rb:6:in `index'
Completed 200 OK in 20ms (Views: 9.9ms | ActiveRecord: 10.0ms | Allocations: 874)


Started PATCH "/users/1/" for ::1 at 2023-03-09 09:26:27 -0800
Processing by UsersController#update as */*
  Parameters: {"email"=>"ryder@ryder.com", "name"=>"Aguilera", "id"=>"1"}
  [1m[36mUser Load (4.0ms)[0m  [1m[34mSELECT "users".* FROM "users" WHERE "users"."id" = $1 LIMIT $2[0m  [["id", 1], ["LIMIT", 1]]
  ↳ app/controllers/users_controller.rb:30:in `update'
[31mUnpermitted parameter: :id. Context: { controller: UsersController, action: update, request: #<ActionDispatch::Request:0x000000010e7f47e8>, params: {"email"=>"ryder@ryder.com", "name"=>"Aguilera", "controller"=>"users", "action"=>"update", "id"=>"1"} }[0m
Completed 500 Internal Server Error in 232ms (ActiveRecord: 28.7ms | Allocations: 8090)



NameError - undefined local variable or method `user' for #<UsersController:0x00000000007a80>
            redirect_to user_url(user.id)
                                 ^^^^
Did you mean?  super:
  app/controllers/users_controller.rb:32:in `update'

Started PATCH "/users/1/" for ::1 at 2023-03-09 09:26:49 -0800
Processing by UsersController#update as */*
  Parameters: {"email"=>"ryder@ryder.com", "name"=>"Aguilera", "id"=>"1"}
  [1m[36mUser Load (1.8ms)[0m  [1m[34mSELECT "users".* FROM "users" WHERE "users"."id" = $1 LIMIT $2[0m  [["id", 1], ["LIMIT", 1]]
  ↳ app/controllers/users_controller.rb:30:in `update'
[31mUnpermitted parameter: :id. Context: { controller: UsersController, action: update, request: #<ActionDispatch::Request:0x000000010eb4ebf0>, params: {"email"=>"ryder@ryder.com", "name"=>"Aguilera", "controller"=>"users", "action"=>"update", "id"=>"1"} }[0m
Redirected to http://localhost:3000/users/1
Completed 302 Found in 93ms (ActiveRecord: 24.0ms | Allocations: 4792)


Started GET "/users/1" for ::1 at 2023-03-09 09:26:50 -0800
Processing by UsersController#show as */*
  Parameters: {"id"=>"1"}
  [1m[36mUser Load (0.6ms)[0m  [1m[34mSELECT "users".* FROM "users" WHERE "users"."id" = $1 LIMIT $2[0m  [["id", 1], ["LIMIT", 1]]
  ↳ app/controllers/users_controller.rb:12:in `show'
Completed 200 OK in 76ms (Views: 2.5ms | ActiveRecord: 15.1ms | Allocations: 4373)


Started GET "/users" for ::1 at 2023-03-09 09:26:58 -0800
Processing by UsersController#index as */*
  [1m[36mUser Load (0.6ms)[0m  [1m[34mSELECT "users".* FROM "users"[0m
  ↳ app/controllers/users_controller.rb:6:in `index'
Completed 200 OK in 41ms (Views: 40.4ms | ActiveRecord: 0.6ms | Allocations: 906)


Started DELETE "/users/1/" for ::1 at 2023-03-09 09:32:15 -0800
Processing by UsersController#destroy as */*
  Parameters: {"email"=>"ryder@ryder.com", "name"=>"Aguilera", "id"=>"1"}
  [1m[36mUser Load (0.5ms)[0m  [1m[34mSELECT "users".* FROM "users" WHERE "users"."id" = $1 LIMIT $2[0m  [["id", 1], ["LIMIT", 1]]
  ↳ app/controllers/users_controller.rb:41:in `destroy'
  [1m[36mTRANSACTION (1.6ms)[0m  [1m[35mBEGIN[0m
  ↳ app/controllers/users_controller.rb:42:in `destroy'
  [1m[36mUser Destroy (11.8ms)[0m  [1m[31mDELETE FROM "users" WHERE "users"."id" = $1[0m  [["id", 1]]
  ↳ app/controllers/users_controller.rb:42:in `destroy'
  [1m[36mTRANSACTION (1.4ms)[0m  [1m[35mCOMMIT[0m
  ↳ app/controllers/users_controller.rb:42:in `destroy'
Redirected to http://localhost:3000/users
Completed 302 Found in 288ms (ActiveRecord: 73.1ms | Allocations: 5842)


Started GET "/users" for ::1 at 2023-03-09 09:32:16 -0800
Processing by UsersController#index as */*
  [1m[36mUser Load (0.8ms)[0m  [1m[34mSELECT "users".* FROM "users"[0m
  ↳ app/controllers/users_controller.rb:6:in `index'
Completed 200 OK in 25ms (Views: 23.3ms | ActiveRecord: 0.8ms | Allocations: 929)


Started POST "/users/1/" for ::1 at 2023-03-09 09:34:58 -0800
  
ActionController::RoutingError (No route matches [POST] "/users/1"):
  
Started POST "/user/1/" for ::1 at 2023-03-09 09:35:36 -0800
  
ActionController::RoutingError (No route matches [POST] "/user/1"):
  
Started POST "/users" for ::1 at 2023-03-09 09:36:19 -0800
Processing by UsersController#create as */*
  Parameters: {"email"=>"ryder@ryder.com", "name"=>"Aguilera"}
  [1m[36mTRANSACTION (33.3ms)[0m  [1m[35mBEGIN[0m
  ↳ app/controllers/users_controller.rb:19:in `create'
  [1m[36mUser Create (45.0ms)[0m  [1m[32mINSERT INTO "users" ("name", "email", "created_at", "updated_at") VALUES ($1, $2, $3, $4) RETURNING "id"[0m  [["name", "Aguilera"], ["email", "ryder@ryder.com"], ["created_at", "2023-03-09 17:36:19.613680"], ["updated_at", "2023-03-09 17:36:19.613680"]]
  ↳ app/controllers/users_controller.rb:19:in `create'
  [1m[36mTRANSACTION (0.5ms)[0m  [1m[35mCOMMIT[0m
  ↳ app/controllers/users_controller.rb:19:in `create'
Completed 200 OK in 244ms (Views: 2.3ms | ActiveRecord: 150.4ms | Allocations: 4716)


Started GET "/users" for ::1 at 2023-03-09 09:36:32 -0800
Processing by UsersController#index as */*
  [1m[36mUser Load (0.5ms)[0m  [1m[34mSELECT "users".* FROM "users"[0m
  ↳ app/controllers/users_controller.rb:6:in `index'
Completed 200 OK in 14ms (Views: 10.7ms | ActiveRecord: 0.5ms | Allocations: 1013)


